2026-03-14 12:41:58, MOVE, v:1, k:ed@pintando, mode:DOWN
2026-03-14 12:42:02, MOVE, v:1, k:ed@pintando, mode:PICK
2026-03-14 13:08:37, EXEC, v:1, k:ed@pintando, mode:FULL, size:19, fail:COMP
2026-03-14 13:09:33, EXEC, v:1, k:ed@pintando, mode:FULL, rate:100, size:19
2026-03-14 13:10:07, EXEC, v:1, k:ed@pintando, mode:FREE
2026-03-14 13:10:20, MOVE, v:1, k:ed@pintando, mode:BACK
2026-03-14 13:13:43, SELF, v:1, k:ed@pintando, self:1, rate:100, study:20, friend:Nao, concept:1
2026-03-14 13:14:06, SELF, v:1, k:ed@pintando, self:1, rate:100, study:25, friend:Nao, concept:1
2026-03-14 13:14:18, MOVE, v:1, k:ed@mumia, mode:DOWN
2026-03-14 13:14:19, MOVE, v:1, k:ed@mumia, mode:PICK
2026-03-14 13:14:26, MOVE, v:1, k:ed@mumia, mode:BACK
2026-03-14 13:14:27, MOVE, v:1, k:ed@mumia, mode:PICK
2026-03-14 13:42:03, EXEC, v:1, k:ed@mumia, mode:FULL, rate:100, size:30
2026-03-14 13:42:08, MOVE, v:1, k:ed@mumia, mode:BACK
2026-03-14 13:42:18, MOVE, v:1, k:ed@mumia, mode:PICK
2026-03-14 13:42:22, EXEC, v:1, k:ed@mumia, mode:FREE
2026-03-14 13:42:35, MOVE, v:1, k:ed@mumia, mode:BACK
2026-03-14 13:42:56, MOVE, v:1, k:ed@mumia, mode:PICK
2026-03-14 13:42:58, EXEC, v:1, k:ed@mumia, mode:FULL, rate:100
2026-03-14 13:43:05, EXEC, v:1, k:ed@mumia, mode:FREE
2026-03-14 13:44:07, MOVE, v:1, k:ed@mumia, mode:BACK
2026-03-14 13:44:13, MOVE, v:1, k:ed@mumia, mode:PICK
2026-03-14 13:44:14, MOVE, v:1, k:ed@mumia, mode:BACK
2026-03-14 13:45:32, SELF, v:1, k:ed@mumia, self:1, rate:100, study:30, concept:1
2026-03-14 13:45:36, MOVE, v:1, k:ed@pintando, mode:PICK
2026-03-14 13:45:45, EXEC, v:1, k:ed@pintando, mode:FULL, rate:100
2026-03-14 13:45:51, MOVE, v:1, k:ed@pintando, mode:BACK
2026-03-14 13:46:39, MOVE, v:1, k:ed@fuga, mode:DOWN
2026-03-14 13:46:39, MOVE, v:1, k:ed@fuga, mode:PICK
2026-03-14 14:01:49, EXEC, v:1, k:ed@fuga, mode:FULL, rate:100, size:30
2026-03-14 14:01:52, MOVE, v:1, k:ed@fuga, mode:BACK
2026-03-14 14:02:22, SELF, v:1, k:ed@fuga, self:1, rate:100, study:15, concept:1
