2026-03-10 13:51:02, MOVE, v:1, k:ed@princesa, mode:DOWN
2026-03-10 13:51:05, MOVE, v:1, k:ed@princesa, mode:PICK
2026-03-10 13:51:14, EXEC, v:1, k:ed@princesa, mode:FULL, rate:0, size:5
2026-03-10 13:51:15, EXEC, v:1, k:ed@princesa, mode:FULL, rate:0
2026-03-10 13:51:15, EXEC, v:1, k:ed@princesa, mode:FULL, rate:0
2026-03-10 13:51:15, EXEC, v:1, k:ed@princesa, mode:FULL, rate:0
2026-03-10 13:51:15, MOVE, v:1, k:ed@princesa, mode:BACK
2026-03-10 13:51:25, MOVE, v:1, k:ed@princesa, mode:PICK
2026-03-10 13:52:16, MOVE, v:1, k:ed@princesa, mode:BACK
2026-03-10 13:54:38, MOVE, v:1, k:fup@tres, mode:DOWN
2026-03-10 13:54:41, MOVE, v:1, k:fup@tres, mode:PICK
2026-03-10 13:55:06, MOVE, v:1, k:fup@tres, mode:BACK
2026-03-10 13:56:46, MOVE, v:1, k:fup@tres, mode:PICK
2026-03-10 13:57:02, MOVE, v:1, k:fup@tres, mode:BACK
2026-03-10 13:57:58, MOVE, v:1, k:sandbox@user_001, mode:PICK
2026-03-10 13:58:38, MOVE, v:1, k:sandbox@user_001, mode:BACK
2026-03-10 14:00:50, MOVE, v:1, k:sandbox@user_001, mode:PICK
2026-03-10 14:01:05, MOVE, v:1, k:sandbox@user_001, mode:BACK
2026-03-10 14:01:41, MOVE, v:1, k:sandbox@user_002, mode:PICK
2026-03-10 14:04:51, MOVE, v:1, k:sandbox@user_002, mode:BACK
