2026-03-15 17:37:59, MOVE, v:1, k:ed@pedra, mode:DOWN
2026-03-15 17:38:00, MOVE, v:1, k:ed@pedra, mode:PICK
2026-03-15 17:59:10, EXEC, v:1, k:ed@pedra, mode:FULL, size:39, fail:COMP
2026-03-15 17:59:25, EXEC, v:1, k:ed@pedra, mode:FULL, rate:100, size:38
2026-03-15 17:59:39, EXEC, v:1, k:ed@pedra, mode:FREE
2026-03-15 18:00:27, MOVE, v:1, k:ed@pedra, mode:BACK
2026-03-15 18:00:54, MOVE, v:1, k:ed@pedra, mode:PICK
2026-03-15 18:00:54, MOVE, v:1, k:ed@pedra, mode:BACK
2026-03-15 18:01:19, SELF, v:1, k:ed@pedra, self:1, rate:100, study:25, concept:1, problem:1
2026-03-15 18:01:24, MOVE, v:1, k:ed@pedra, mode:PICK
2026-03-15 18:01:25, MOVE, v:1, k:ed@pedra, mode:BACK
2026-03-15 18:01:38, SELF, v:1, k:ed@pedra, self:1, rate:100, study:25, concept:1, problem:1
2026-03-15 18:01:45, MOVE, v:1, k:ed@pedra, mode:PICK
2026-03-15 18:01:47, EXEC, v:1, k:ed@pedra, mode:FULL, rate:100
2026-03-15 18:02:03, MOVE, v:1, k:ed@pedra, mode:BACK
2026-03-15 18:02:14, SELF, v:1, k:ed@pedra, self:1, rate:100, study:25, concept:1
2026-03-15 18:02:15, MOVE, v:1, k:ed@pedra, mode:PICK
2026-03-15 18:02:16, MOVE, v:1, k:ed@pedra, mode:BACK
2026-03-15 18:02:23, SELF, v:1, k:ed@pedra, self:1, rate:100, study:25, concept:1, problem:1
2026-03-15 18:22:31, MOVE, v:1, k:ed@casais, mode:DOWN
2026-03-15 18:22:32, MOVE, v:1, k:ed@casais, mode:PICK
2026-03-15 18:35:19, MOVE, v:1, k:ed@casais, mode:BACK
2026-03-15 18:35:30, MOVE, v:1, k:ed@baruel, mode:DOWN
2026-03-15 18:35:31, MOVE, v:1, k:ed@baruel, mode:PICK
2026-03-15 19:06:54, EXEC, v:1, k:ed@baruel, mode:FREE, size:51
2026-03-15 19:09:30, EXEC, v:1, k:ed@baruel, mode:FULL, size:51, fail:COMP
2026-03-15 19:09:32, EXEC, v:1, k:ed@baruel, mode:FULL, fail:COMP
2026-03-15 19:12:16, EXEC, v:1, k:ed@baruel, mode:FULL, size:57, fail:COMP
2026-03-15 19:13:08, EXEC, v:1, k:ed@baruel, mode:FULL, rate:75, size:57
2026-03-15 19:13:13, EXEC, v:1, k:ed@baruel, mode:FULL, rate:75
2026-03-15 19:13:26, EXEC, v:1, k:ed@baruel, mode:FULL, rate:75
2026-03-15 19:21:18, EXEC, v:1, k:ed@baruel, mode:FULL, rate:100, size:65
2026-03-15 19:21:23, EXEC, v:1, k:ed@baruel, mode:FREE
2026-03-15 19:21:48, MOVE, v:1, k:ed@baruel, mode:BACK
2026-03-15 19:22:12, MOVE, v:1, k:ed@baruel, mode:PICK
2026-03-15 19:22:12, MOVE, v:1, k:ed@baruel, mode:BACK
2026-03-15 19:22:47, SELF, v:1, k:ed@baruel, self:1, rate:100, study:46, concept:1, problem:1, debug:1
2026-03-15 19:25:07, MOVE, v:1, k:ed@mumia, mode:PICK
2026-03-15 19:25:08, EXEC, v:1, k:ed@mumia, mode:FULL, rate:100
2026-03-15 19:25:12, EXEC, v:1, k:ed@mumia, mode:FREE
2026-03-15 19:25:55, MOVE, v:1, k:ed@mumia, mode:BACK
2026-03-15 19:25:55, MOVE, v:1, k:ed@mumia, mode:PICK
2026-03-15 19:25:56, MOVE, v:1, k:ed@mumia, mode:BACK
