2026-03-31 08:21:48, MOVE, v:1, k:ed@princesa, mode:PICK
2026-03-31 08:55:17, EXEC, v:1, k:ed@princesa, mode:FULL, size:106, fail:COMP
2026-03-31 08:55:17, EXEC, v:1, k:ed@princesa, mode:FULL, fail:COMP
2026-03-31 08:55:17, EXEC, v:1, k:ed@princesa, mode:FULL, fail:COMP
2026-03-31 08:55:17, EXEC, v:1, k:ed@princesa, mode:FULL, fail:COMP
2026-03-31 08:55:17, EXEC, v:1, k:ed@princesa, mode:FULL, fail:COMP
2026-03-31 08:55:17, MOVE, v:1, k:ed@princesa, mode:BACK
2026-03-31 08:55:20, MOVE, v:1, k:ed@princesa, mode:PICK
2026-03-31 08:55:21, EXEC, v:1, k:ed@princesa, mode:FULL, fail:COMP
2026-03-31 08:58:51, EXEC, v:1, k:ed@princesa, mode:FULL, rate:0, size:104
2026-03-31 09:00:14, EXEC, v:1, k:ed@princesa, mode:FULL, rate:100, size:91
2026-03-31 09:00:24, MOVE, v:1, k:ed@princesa, mode:BACK
2026-03-31 09:02:05, SELF, v:1, k:ed@princesa, self:1, rate:100, study:65, concept:1, problem:1, refactor:1
2026-03-31 09:05:37, MOVE, v:1, k:ed@apagando, mode:DOWN
2026-03-31 09:05:40, MOVE, v:1, k:ed@apagando, mode:PICK
2026-03-31 09:13:51, EXEC, v:1, k:ed@apagando, mode:FULL, rate:100, size:32
2026-03-31 09:13:53, MOVE, v:1, k:ed@apagando, mode:BACK
2026-03-31 09:14:46, SELF, v:1, k:ed@apagando, self:1, rate:100, study:20, concept:1
2026-03-31 23:15:18, SELF, v:1, k:ed@analise, self:1
2026-03-31 23:15:27, SELF, v:1, k:ed@analise, self:1
2026-03-31 23:15:33, MOVE, v:1, k:ed@manipulacao, mode:DOWN
2026-03-31 23:15:41, MOVE, v:1, k:ed@manipulacao, mode:PICK
2026-03-31 23:30:13, EXEC, v:1, k:ed@manipulacao, mode:FULL, size:151, fail:COMP
2026-03-31 23:31:26, EXEC, v:1, k:ed@manipulacao, mode:FULL, rate:100, size:152
2026-03-31 23:31:32, MOVE, v:1, k:ed@manipulacao, mode:BACK
2026-03-31 23:32:04, SELF, v:1, k:ed@manipulacao, self:1, rate:100, study:13, concept:1, problem:1
2026-03-31 23:32:20, SELF, v:1, k:ed@analise, self:1
